<testsuites id="" name="" tests="49" failures="39" skipped="0" errors="0" time="79.24096100000001">
<testsuite name="webview\webview-visual.test.ts" timestamp="2025-08-26T22:42:47.295Z" hostname="vscode-webview" tests="9" failures="9" skipped="0" time="11.871" errors="0">
<testcase name="Webview Visual Tests › should render simple checkbox list correctly" classname="webview\webview-visual.test.ts" time="1.329">
<failure message="webview-visual.test.ts:122:7 should render simple checkbox list correctly" type="FAILURE">
<![CDATA[  [vscode-webview] › webview\webview-visual.test.ts:122:7 › Webview Visual Tests › should render simple checkbox list correctly 

    Error: Cannot find module '../../renderer'
    Require stack:
    - C:\Users\delir\Documents\repos\markdown-checkbox-preview\src\test\e2e\webview\webview-visual.test.ts
    - C:\Users\delir\Documents\repos\markdown-checkbox-preview\node_modules\playwright\lib\transform\transform.js
    - C:\Users\delir\Documents\repos\markdown-checkbox-preview\node_modules\playwright\lib\common\configLoader.js
    - C:\Users\delir\Documents\repos\markdown-checkbox-preview\node_modules\playwright\lib\worker\workerMain.js
    - C:\Users\delir\Documents\repos\markdown-checkbox-preview\node_modules\playwright\lib\common\process.js

      289 | function generateWebviewHTML(markdownContent: string, darkTheme: boolean = false): string {
      290 |   // This would use our actual renderer
    > 291 |   const { renderMarkdown, getTaskListCount } = require('../../renderer');
          |                                                ^
      292 |   
      293 |   const renderedHTML = renderMarkdown(markdownContent);
      294 |   const stats = getTaskListCount(markdownContent);
        at generateWebviewHTML (C:\Users\delir\Documents\repos\markdown-checkbox-preview\src\test\e2e\webview\webview-visual.test.ts:291:48)
        at C:\Users\delir\Documents\repos\markdown-checkbox-preview\src\test\e2e\webview\webview-visual.test.ts:124:25

    attachment #1: screenshot (image/png) ──────────────────────────────────────────────────────────
    ..\..\..\test-results\webview-visual-Webview-Vis-ed521-ple-checkbox-list-correctly-vscode-webview\test-failed-1.png
    ────────────────────────────────────────────────────────────────────────────────────────────────
]]>
</failure>
<system-out>
<![CDATA[
[[ATTACHMENT|webview-visual-Webview-Vis-ed521-ple-checkbox-list-correctly-vscode-webview\test-failed-1.png]]
]]>
</system-out>
</testcase>
<testcase name="Webview Visual Tests › should render hierarchical structure with proper nesting" classname="webview\webview-visual.test.ts" time="1.332">
<failure message="webview-visual.test.ts:142:7 should render hierarchical structure with proper nesting" type="FAILURE">
<![CDATA[  [vscode-webview] › webview\webview-visual.test.ts:142:7 › Webview Visual Tests › should render hierarchical structure with proper nesting 

    Error: Cannot find module '../../renderer'
    Require stack:
    - C:\Users\delir\Documents\repos\markdown-checkbox-preview\src\test\e2e\webview\webview-visual.test.ts
    - C:\Users\delir\Documents\repos\markdown-checkbox-preview\node_modules\playwright\lib\transform\transform.js
    - C:\Users\delir\Documents\repos\markdown-checkbox-preview\node_modules\playwright\lib\common\configLoader.js
    - C:\Users\delir\Documents\repos\markdown-checkbox-preview\node_modules\playwright\lib\worker\workerMain.js
    - C:\Users\delir\Documents\repos\markdown-checkbox-preview\node_modules\playwright\lib\common\process.js

      289 | function generateWebviewHTML(markdownContent: string, darkTheme: boolean = false): string {
      290 |   // This would use our actual renderer
    > 291 |   const { renderMarkdown, getTaskListCount } = require('../../renderer');
          |                                                ^
      292 |   
      293 |   const renderedHTML = renderMarkdown(markdownContent);
      294 |   const stats = getTaskListCount(markdownContent);
        at generateWebviewHTML (C:\Users\delir\Documents\repos\markdown-checkbox-preview\src\test\e2e\webview\webview-visual.test.ts:291:48)
        at C:\Users\delir\Documents\repos\markdown-checkbox-preview\src\test\e2e\webview\webview-visual.test.ts:143:25

    attachment #1: screenshot (image/png) ──────────────────────────────────────────────────────────
    ..\..\..\test-results\webview-visual-Webview-Vis-1bddb-ructure-with-proper-nesting-vscode-webview\test-failed-1.png
    ────────────────────────────────────────────────────────────────────────────────────────────────
]]>
</failure>
<system-out>
<![CDATA[
[[ATTACHMENT|webview-visual-Webview-Vis-1bddb-ructure-with-proper-nesting-vscode-webview\test-failed-1.png]]
]]>
</system-out>
</testcase>
<testcase name="Webview Visual Tests › should handle checkbox interactions" classname="webview\webview-visual.test.ts" time="1.334">
<failure message="webview-visual.test.ts:156:7 should handle checkbox interactions" type="FAILURE">
<![CDATA[  [vscode-webview] › webview\webview-visual.test.ts:156:7 › Webview Visual Tests › should handle checkbox interactions 

    Error: Cannot find module '../../renderer'
    Require stack:
    - C:\Users\delir\Documents\repos\markdown-checkbox-preview\src\test\e2e\webview\webview-visual.test.ts
    - C:\Users\delir\Documents\repos\markdown-checkbox-preview\node_modules\playwright\lib\transform\transform.js
    - C:\Users\delir\Documents\repos\markdown-checkbox-preview\node_modules\playwright\lib\common\configLoader.js
    - C:\Users\delir\Documents\repos\markdown-checkbox-preview\node_modules\playwright\lib\worker\workerMain.js
    - C:\Users\delir\Documents\repos\markdown-checkbox-preview\node_modules\playwright\lib\common\process.js

      289 | function generateWebviewHTML(markdownContent: string, darkTheme: boolean = false): string {
      290 |   // This would use our actual renderer
    > 291 |   const { renderMarkdown, getTaskListCount } = require('../../renderer');
          |                                                ^
      292 |   
      293 |   const renderedHTML = renderMarkdown(markdownContent);
      294 |   const stats = getTaskListCount(markdownContent);
        at generateWebviewHTML (C:\Users\delir\Documents\repos\markdown-checkbox-preview\src\test\e2e\webview\webview-visual.test.ts:291:48)
        at C:\Users\delir\Documents\repos\markdown-checkbox-preview\src\test\e2e\webview\webview-visual.test.ts:157:25

    attachment #1: screenshot (image/png) ──────────────────────────────────────────────────────────
    ..\..\..\test-results\webview-visual-Webview-Vis-5c04e-andle-checkbox-interactions-vscode-webview\test-failed-1.png
    ────────────────────────────────────────────────────────────────────────────────────────────────
]]>
</failure>
<system-out>
<![CDATA[
[[ATTACHMENT|webview-visual-Webview-Vis-5c04e-andle-checkbox-interactions-vscode-webview\test-failed-1.png]]
]]>
</system-out>
</testcase>
<testcase name="Webview Visual Tests › should display task completion statistics" classname="webview\webview-visual.test.ts" time="1.318">
<failure message="webview-visual.test.ts:176:7 should display task completion statistics" type="FAILURE">
<![CDATA[  [vscode-webview] › webview\webview-visual.test.ts:176:7 › Webview Visual Tests › should display task completion statistics 

    Error: Cannot find module '../../renderer'
    Require stack:
    - C:\Users\delir\Documents\repos\markdown-checkbox-preview\src\test\e2e\webview\webview-visual.test.ts
    - C:\Users\delir\Documents\repos\markdown-checkbox-preview\node_modules\playwright\lib\transform\transform.js
    - C:\Users\delir\Documents\repos\markdown-checkbox-preview\node_modules\playwright\lib\common\configLoader.js
    - C:\Users\delir\Documents\repos\markdown-checkbox-preview\node_modules\playwright\lib\worker\workerMain.js
    - C:\Users\delir\Documents\repos\markdown-checkbox-preview\node_modules\playwright\lib\common\process.js

      289 | function generateWebviewHTML(markdownContent: string, darkTheme: boolean = false): string {
      290 |   // This would use our actual renderer
    > 291 |   const { renderMarkdown, getTaskListCount } = require('../../renderer');
          |                                                ^
      292 |   
      293 |   const renderedHTML = renderMarkdown(markdownContent);
      294 |   const stats = getTaskListCount(markdownContent);
        at generateWebviewHTML (C:\Users\delir\Documents\repos\markdown-checkbox-preview\src\test\e2e\webview\webview-visual.test.ts:291:48)
        at C:\Users\delir\Documents\repos\markdown-checkbox-preview\src\test\e2e\webview\webview-visual.test.ts:177:25

    attachment #1: screenshot (image/png) ──────────────────────────────────────────────────────────
    ..\..\..\test-results\webview-visual-Webview-Vis-aa499--task-completion-statistics-vscode-webview\test-failed-1.png
    ────────────────────────────────────────────────────────────────────────────────────────────────
]]>
</failure>
<system-out>
<![CDATA[
[[ATTACHMENT|webview-visual-Webview-Vis-aa499--task-completion-statistics-vscode-webview\test-failed-1.png]]
]]>
</system-out>
</testcase>
<testcase name="Webview Visual Tests › should handle malformed markdown gracefully" classname="webview\webview-visual.test.ts" time="1.324">
<failure message="webview-visual.test.ts:191:7 should handle malformed markdown gracefully" type="FAILURE">
<![CDATA[  [vscode-webview] › webview\webview-visual.test.ts:191:7 › Webview Visual Tests › should handle malformed markdown gracefully 

    Error: Cannot find module '../../renderer'
    Require stack:
    - C:\Users\delir\Documents\repos\markdown-checkbox-preview\src\test\e2e\webview\webview-visual.test.ts
    - C:\Users\delir\Documents\repos\markdown-checkbox-preview\node_modules\playwright\lib\transform\transform.js
    - C:\Users\delir\Documents\repos\markdown-checkbox-preview\node_modules\playwright\lib\common\configLoader.js
    - C:\Users\delir\Documents\repos\markdown-checkbox-preview\node_modules\playwright\lib\worker\workerMain.js
    - C:\Users\delir\Documents\repos\markdown-checkbox-preview\node_modules\playwright\lib\common\process.js

      289 | function generateWebviewHTML(markdownContent: string, darkTheme: boolean = false): string {
      290 |   // This would use our actual renderer
    > 291 |   const { renderMarkdown, getTaskListCount } = require('../../renderer');
          |                                                ^
      292 |   
      293 |   const renderedHTML = renderMarkdown(markdownContent);
      294 |   const stats = getTaskListCount(markdownContent);
        at generateWebviewHTML (C:\Users\delir\Documents\repos\markdown-checkbox-preview\src\test\e2e\webview\webview-visual.test.ts:291:48)
        at C:\Users\delir\Documents\repos\markdown-checkbox-preview\src\test\e2e\webview\webview-visual.test.ts:192:25

    attachment #1: screenshot (image/png) ──────────────────────────────────────────────────────────
    ..\..\..\test-results\webview-visual-Webview-Vis-543e1-lformed-markdown-gracefully-vscode-webview\test-failed-1.png
    ────────────────────────────────────────────────────────────────────────────────────────────────
]]>
</failure>
<system-out>
<![CDATA[
[[ATTACHMENT|webview-visual-Webview-Vis-543e1-lformed-markdown-gracefully-vscode-webview\test-failed-1.png]]
]]>
</system-out>
</testcase>
<testcase name="Webview Visual Tests › should handle large documents efficiently" classname="webview\webview-visual.test.ts" time="1.335">
<failure message="webview-visual.test.ts:206:7 should handle large documents efficiently" type="FAILURE">
<![CDATA[  [vscode-webview] › webview\webview-visual.test.ts:206:7 › Webview Visual Tests › should handle large documents efficiently 

    Error: Cannot find module '../../renderer'
    Require stack:
    - C:\Users\delir\Documents\repos\markdown-checkbox-preview\src\test\e2e\webview\webview-visual.test.ts
    - C:\Users\delir\Documents\repos\markdown-checkbox-preview\node_modules\playwright\lib\transform\transform.js
    - C:\Users\delir\Documents\repos\markdown-checkbox-preview\node_modules\playwright\lib\common\configLoader.js
    - C:\Users\delir\Documents\repos\markdown-checkbox-preview\node_modules\playwright\lib\worker\workerMain.js
    - C:\Users\delir\Documents\repos\markdown-checkbox-preview\node_modules\playwright\lib\common\process.js

      289 | function generateWebviewHTML(markdownContent: string, darkTheme: boolean = false): string {
      290 |   // This would use our actual renderer
    > 291 |   const { renderMarkdown, getTaskListCount } = require('../../renderer');
          |                                                ^
      292 |   
      293 |   const renderedHTML = renderMarkdown(markdownContent);
      294 |   const stats = getTaskListCount(markdownContent);
        at generateWebviewHTML (C:\Users\delir\Documents\repos\markdown-checkbox-preview\src\test\e2e\webview\webview-visual.test.ts:291:48)
        at C:\Users\delir\Documents\repos\markdown-checkbox-preview\src\test\e2e\webview\webview-visual.test.ts:207:25

    attachment #1: screenshot (image/png) ──────────────────────────────────────────────────────────
    ..\..\..\test-results\webview-visual-Webview-Vis-0871d-large-documents-efficiently-vscode-webview\test-failed-1.png
    ────────────────────────────────────────────────────────────────────────────────────────────────
]]>
</failure>
<system-out>
<![CDATA[
[[ATTACHMENT|webview-visual-Webview-Vis-0871d-large-documents-efficiently-vscode-webview\test-failed-1.png]]
]]>
</system-out>
</testcase>
<testcase name="Webview Visual Tests › should support dark theme" classname="webview\webview-visual.test.ts" time="1.33">
<failure message="webview-visual.test.ts:229:7 should support dark theme" type="FAILURE">
<![CDATA[  [vscode-webview] › webview\webview-visual.test.ts:229:7 › Webview Visual Tests › should support dark theme 

    Error: Cannot find module '../../renderer'
    Require stack:
    - C:\Users\delir\Documents\repos\markdown-checkbox-preview\src\test\e2e\webview\webview-visual.test.ts
    - C:\Users\delir\Documents\repos\markdown-checkbox-preview\node_modules\playwright\lib\transform\transform.js
    - C:\Users\delir\Documents\repos\markdown-checkbox-preview\node_modules\playwright\lib\common\configLoader.js
    - C:\Users\delir\Documents\repos\markdown-checkbox-preview\node_modules\playwright\lib\worker\workerMain.js
    - C:\Users\delir\Documents\repos\markdown-checkbox-preview\node_modules\playwright\lib\common\process.js

      289 | function generateWebviewHTML(markdownContent: string, darkTheme: boolean = false): string {
      290 |   // This would use our actual renderer
    > 291 |   const { renderMarkdown, getTaskListCount } = require('../../renderer');
          |                                                ^
      292 |   
      293 |   const renderedHTML = renderMarkdown(markdownContent);
      294 |   const stats = getTaskListCount(markdownContent);
        at generateWebviewHTML (C:\Users\delir\Documents\repos\markdown-checkbox-preview\src\test\e2e\webview\webview-visual.test.ts:291:48)
        at C:\Users\delir\Documents\repos\markdown-checkbox-preview\src\test\e2e\webview\webview-visual.test.ts:230:25

    attachment #1: screenshot (image/png) ──────────────────────────────────────────────────────────
    ..\..\..\test-results\webview-visual-Webview-Vis-90112-s-should-support-dark-theme-vscode-webview\test-failed-1.png
    ────────────────────────────────────────────────────────────────────────────────────────────────
]]>
</failure>
<system-out>
<![CDATA[
[[ATTACHMENT|webview-visual-Webview-Vis-90112-s-should-support-dark-theme-vscode-webview\test-failed-1.png]]
]]>
</system-out>
</testcase>
<testcase name="Webview Visual Tests › should be responsive on different screen sizes" classname="webview\webview-visual.test.ts" time="1.331">
<failure message="webview-visual.test.ts:239:7 should be responsive on different screen sizes" type="FAILURE">
<![CDATA[  [vscode-webview] › webview\webview-visual.test.ts:239:7 › Webview Visual Tests › should be responsive on different screen sizes 

    Error: Cannot find module '../../renderer'
    Require stack:
    - C:\Users\delir\Documents\repos\markdown-checkbox-preview\src\test\e2e\webview\webview-visual.test.ts
    - C:\Users\delir\Documents\repos\markdown-checkbox-preview\node_modules\playwright\lib\transform\transform.js
    - C:\Users\delir\Documents\repos\markdown-checkbox-preview\node_modules\playwright\lib\common\configLoader.js
    - C:\Users\delir\Documents\repos\markdown-checkbox-preview\node_modules\playwright\lib\worker\workerMain.js
    - C:\Users\delir\Documents\repos\markdown-checkbox-preview\node_modules\playwright\lib\common\process.js

      289 | function generateWebviewHTML(markdownContent: string, darkTheme: boolean = false): string {
      290 |   // This would use our actual renderer
    > 291 |   const { renderMarkdown, getTaskListCount } = require('../../renderer');
          |                                                ^
      292 |   
      293 |   const renderedHTML = renderMarkdown(markdownContent);
      294 |   const stats = getTaskListCount(markdownContent);
        at generateWebviewHTML (C:\Users\delir\Documents\repos\markdown-checkbox-preview\src\test\e2e\webview\webview-visual.test.ts:291:48)
        at C:\Users\delir\Documents\repos\markdown-checkbox-preview\src\test\e2e\webview\webview-visual.test.ts:240:25

    attachment #1: screenshot (image/png) ──────────────────────────────────────────────────────────
    ..\..\..\test-results\webview-visual-Webview-Vis-222ef-e-on-different-screen-sizes-vscode-webview\test-failed-1.png
    ────────────────────────────────────────────────────────────────────────────────────────────────
]]>
</failure>
<system-out>
<![CDATA[
[[ATTACHMENT|webview-visual-Webview-Vis-222ef-e-on-different-screen-sizes-vscode-webview\test-failed-1.png]]
]]>
</system-out>
</testcase>
<testcase name="Webview Visual Tests › should record user interaction video" classname="webview\webview-visual.test.ts" time="1.238">
<failure message="webview-visual.test.ts:257:7 should record user interaction video" type="FAILURE">
<![CDATA[  [vscode-webview] › webview\webview-visual.test.ts:257:7 › Webview Visual Tests › should record user interaction video 

    Error: Cannot find module '../../renderer'
    Require stack:
    - C:\Users\delir\Documents\repos\markdown-checkbox-preview\src\test\e2e\webview\webview-visual.test.ts
    - C:\Users\delir\Documents\repos\markdown-checkbox-preview\node_modules\playwright\lib\transform\transform.js
    - C:\Users\delir\Documents\repos\markdown-checkbox-preview\node_modules\playwright\lib\common\configLoader.js
    - C:\Users\delir\Documents\repos\markdown-checkbox-preview\node_modules\playwright\lib\worker\workerMain.js
    - C:\Users\delir\Documents\repos\markdown-checkbox-preview\node_modules\playwright\lib\common\process.js

      289 | function generateWebviewHTML(markdownContent: string, darkTheme: boolean = false): string {
      290 |   // This would use our actual renderer
    > 291 |   const { renderMarkdown, getTaskListCount } = require('../../renderer');
          |                                                ^
      292 |   
      293 |   const renderedHTML = renderMarkdown(markdownContent);
      294 |   const stats = getTaskListCount(markdownContent);
        at generateWebviewHTML (C:\Users\delir\Documents\repos\markdown-checkbox-preview\src\test\e2e\webview\webview-visual.test.ts:291:48)
        at C:\Users\delir\Documents\repos\markdown-checkbox-preview\src\test\e2e\webview\webview-visual.test.ts:258:25

    attachment #1: screenshot (image/png) ──────────────────────────────────────────────────────────
    ..\..\..\test-results\webview-visual-Webview-Vis-d0264-cord-user-interaction-video-vscode-webview\test-failed-1.png
    ────────────────────────────────────────────────────────────────────────────────────────────────
]]>
</failure>
<system-out>
<![CDATA[
[[ATTACHMENT|webview-visual-Webview-Vis-d0264-cord-user-interaction-video-vscode-webview\test-failed-1.png]]
]]>
</system-out>
</testcase>
</testsuite>
<testsuite name="performance-accessibility.test.ts" timestamp="2025-08-26T22:42:47.295Z" hostname="windows-edge" tests="11" failures="1" skipped="0" time="18.055" errors="0">
<testcase name="Performance &amp; Accessibility Tests › Performance Benchmarks › should render large documents within performance budget" classname="performance-accessibility.test.ts" time="1.467">
</testcase>
<testcase name="Performance &amp; Accessibility Tests › Performance Benchmarks › should handle rapid checkbox toggles without performance degradation" classname="performance-accessibility.test.ts" time="2.611">
<failure message="performance-accessibility.test.ts:51:9 should handle rapid checkbox toggles without performance degradation" type="FAILURE">
<![CDATA[  [windows-edge] › performance-accessibility.test.ts:51:9 › Performance & Accessibility Tests › Performance Benchmarks › should handle rapid checkbox toggles without performance degradation 

    Error: expect(received).toBeLessThan(expected)

    Expected: < 50
    Received:   59.8

      69 |       // Average toggle time should remain low
      70 |       const avgToggleTime = toggleTimes.reduce((a, b) => a + b, 0) / toggleTimes.length;
    > 71 |       expect(avgToggleTime).toBeLessThan(50);
         |                             ^
      72 |       
      73 |       // No significant performance degradation over time
      74 |       const firstHalf = toggleTimes.slice(0, 10).reduce((a, b) => a + b, 0) / 10;
        at C:\Users\delir\Documents\repos\markdown-checkbox-preview\src\test\e2e\performance-accessibility.test.ts:71:29

    attachment #1: screenshot (image/png) ──────────────────────────────────────────────────────────
    ..\..\..\test-results\performance-accessibility--ef55d-out-performance-degradation-windows-edge\test-failed-1.png
    ────────────────────────────────────────────────────────────────────────────────────────────────

    Error Context: ..\..\..\test-results\performance-accessibility--ef55d-out-performance-degradation-windows-edge\error-context.md
]]>
</failure>
<system-out>
<![CDATA[
[[ATTACHMENT|performance-accessibility--ef55d-out-performance-degradation-windows-edge\test-failed-1.png]]

[[ATTACHMENT|performance-accessibility--ef55d-out-performance-degradation-windows-edge\error-context.md]]
]]>
</system-out>
</testcase>
<testcase name="Performance &amp; Accessibility Tests › Performance Benchmarks › should efficiently update statistics display" classname="performance-accessibility.test.ts" time="2.137">
</testcase>
<testcase name="Performance &amp; Accessibility Tests › Performance Benchmarks › should handle scroll performance with large content" classname="performance-accessibility.test.ts" time="2.802">
</testcase>
<testcase name="Performance &amp; Accessibility Tests › Accessibility Tests › should have proper ARIA labels and roles" classname="performance-accessibility.test.ts" time="1.302">
</testcase>
<testcase name="Performance &amp; Accessibility Tests › Accessibility Tests › should support keyboard navigation" classname="performance-accessibility.test.ts" time="1.995">
</testcase>
<testcase name="Performance &amp; Accessibility Tests › Accessibility Tests › should work with screen readers" classname="performance-accessibility.test.ts" time="1.405">
</testcase>
<testcase name="Performance &amp; Accessibility Tests › Accessibility Tests › should have sufficient color contrast" classname="performance-accessibility.test.ts" time="1.958">
</testcase>
<testcase name="Performance &amp; Accessibility Tests › Accessibility Tests › should support high contrast mode" classname="performance-accessibility.test.ts" time="1.477">
</testcase>
<testcase name="Performance &amp; Accessibility Tests › Accessibility Tests › should have proper heading structure" classname="performance-accessibility.test.ts" time="0.476">
</testcase>
<testcase name="Performance &amp; Accessibility Tests › Accessibility Tests › should provide skip links for long content" classname="performance-accessibility.test.ts" time="0.425">
</testcase>
</testsuite>
<testsuite name="webview\webview-visual.test.ts" timestamp="2025-08-26T22:42:47.295Z" hostname="windows-edge" tests="9" failures="9" skipped="0" time="6.003" errors="0">
<testcase name="Webview Visual Tests › should render simple checkbox list correctly" classname="webview\webview-visual.test.ts" time="0.581">
<failure message="webview-visual.test.ts:122:7 should render simple checkbox list correctly" type="FAILURE">
<![CDATA[  [windows-edge] › webview\webview-visual.test.ts:122:7 › Webview Visual Tests › should render simple checkbox list correctly 

    Error: Cannot find module '../../renderer'
    Require stack:
    - C:\Users\delir\Documents\repos\markdown-checkbox-preview\src\test\e2e\webview\webview-visual.test.ts
    - C:\Users\delir\Documents\repos\markdown-checkbox-preview\node_modules\playwright\lib\transform\transform.js
    - C:\Users\delir\Documents\repos\markdown-checkbox-preview\node_modules\playwright\lib\common\configLoader.js
    - C:\Users\delir\Documents\repos\markdown-checkbox-preview\node_modules\playwright\lib\worker\workerMain.js
    - C:\Users\delir\Documents\repos\markdown-checkbox-preview\node_modules\playwright\lib\common\process.js

      289 | function generateWebviewHTML(markdownContent: string, darkTheme: boolean = false): string {
      290 |   // This would use our actual renderer
    > 291 |   const { renderMarkdown, getTaskListCount } = require('../../renderer');
          |                                                ^
      292 |   
      293 |   const renderedHTML = renderMarkdown(markdownContent);
      294 |   const stats = getTaskListCount(markdownContent);
        at generateWebviewHTML (C:\Users\delir\Documents\repos\markdown-checkbox-preview\src\test\e2e\webview\webview-visual.test.ts:291:48)
        at C:\Users\delir\Documents\repos\markdown-checkbox-preview\src\test\e2e\webview\webview-visual.test.ts:124:25

    attachment #1: screenshot (image/png) ──────────────────────────────────────────────────────────
    ..\..\..\test-results\webview-webview-visual-Web-e9521-ple-checkbox-list-correctly-windows-edge\test-failed-1.png
    ────────────────────────────────────────────────────────────────────────────────────────────────
]]>
</failure>
<system-out>
<![CDATA[
[[ATTACHMENT|webview-webview-visual-Web-e9521-ple-checkbox-list-correctly-windows-edge\test-failed-1.png]]
]]>
</system-out>
</testcase>
<testcase name="Webview Visual Tests › should render hierarchical structure with proper nesting" classname="webview\webview-visual.test.ts" time="0.974">
<failure message="webview-visual.test.ts:142:7 should render hierarchical structure with proper nesting" type="FAILURE">
<![CDATA[  [windows-edge] › webview\webview-visual.test.ts:142:7 › Webview Visual Tests › should render hierarchical structure with proper nesting 

    Error: Cannot find module '../../renderer'
    Require stack:
    - C:\Users\delir\Documents\repos\markdown-checkbox-preview\src\test\e2e\webview\webview-visual.test.ts
    - C:\Users\delir\Documents\repos\markdown-checkbox-preview\node_modules\playwright\lib\transform\transform.js
    - C:\Users\delir\Documents\repos\markdown-checkbox-preview\node_modules\playwright\lib\common\configLoader.js
    - C:\Users\delir\Documents\repos\markdown-checkbox-preview\node_modules\playwright\lib\worker\workerMain.js
    - C:\Users\delir\Documents\repos\markdown-checkbox-preview\node_modules\playwright\lib\common\process.js

      289 | function generateWebviewHTML(markdownContent: string, darkTheme: boolean = false): string {
      290 |   // This would use our actual renderer
    > 291 |   const { renderMarkdown, getTaskListCount } = require('../../renderer');
          |                                                ^
      292 |   
      293 |   const renderedHTML = renderMarkdown(markdownContent);
      294 |   const stats = getTaskListCount(markdownContent);
        at generateWebviewHTML (C:\Users\delir\Documents\repos\markdown-checkbox-preview\src\test\e2e\webview\webview-visual.test.ts:291:48)
        at C:\Users\delir\Documents\repos\markdown-checkbox-preview\src\test\e2e\webview\webview-visual.test.ts:143:25

    attachment #1: screenshot (image/png) ──────────────────────────────────────────────────────────
    ..\..\..\test-results\webview-webview-visual-Web-4499f-ructure-with-proper-nesting-windows-edge\test-failed-1.png
    ────────────────────────────────────────────────────────────────────────────────────────────────
]]>
</failure>
<system-out>
<![CDATA[
[[ATTACHMENT|webview-webview-visual-Web-4499f-ructure-with-proper-nesting-windows-edge\test-failed-1.png]]
]]>
</system-out>
</testcase>
<testcase name="Webview Visual Tests › should handle checkbox interactions" classname="webview\webview-visual.test.ts" time="0.516">
<failure message="webview-visual.test.ts:156:7 should handle checkbox interactions" type="FAILURE">
<![CDATA[  [windows-edge] › webview\webview-visual.test.ts:156:7 › Webview Visual Tests › should handle checkbox interactions 

    Error: Cannot find module '../../renderer'
    Require stack:
    - C:\Users\delir\Documents\repos\markdown-checkbox-preview\src\test\e2e\webview\webview-visual.test.ts
    - C:\Users\delir\Documents\repos\markdown-checkbox-preview\node_modules\playwright\lib\transform\transform.js
    - C:\Users\delir\Documents\repos\markdown-checkbox-preview\node_modules\playwright\lib\common\configLoader.js
    - C:\Users\delir\Documents\repos\markdown-checkbox-preview\node_modules\playwright\lib\worker\workerMain.js
    - C:\Users\delir\Documents\repos\markdown-checkbox-preview\node_modules\playwright\lib\common\process.js

      289 | function generateWebviewHTML(markdownContent: string, darkTheme: boolean = false): string {
      290 |   // This would use our actual renderer
    > 291 |   const { renderMarkdown, getTaskListCount } = require('../../renderer');
          |                                                ^
      292 |   
      293 |   const renderedHTML = renderMarkdown(markdownContent);
      294 |   const stats = getTaskListCount(markdownContent);
        at generateWebviewHTML (C:\Users\delir\Documents\repos\markdown-checkbox-preview\src\test\e2e\webview\webview-visual.test.ts:291:48)
        at C:\Users\delir\Documents\repos\markdown-checkbox-preview\src\test\e2e\webview\webview-visual.test.ts:157:25

    attachment #1: screenshot (image/png) ──────────────────────────────────────────────────────────
    ..\..\..\test-results\webview-webview-visual-Web-89133-andle-checkbox-interactions-windows-edge\test-failed-1.png
    ────────────────────────────────────────────────────────────────────────────────────────────────
]]>
</failure>
<system-out>
<![CDATA[
[[ATTACHMENT|webview-webview-visual-Web-89133-andle-checkbox-interactions-windows-edge\test-failed-1.png]]
]]>
</system-out>
</testcase>
<testcase name="Webview Visual Tests › should display task completion statistics" classname="webview\webview-visual.test.ts" time="0.407">
<failure message="webview-visual.test.ts:176:7 should display task completion statistics" type="FAILURE">
<![CDATA[  [windows-edge] › webview\webview-visual.test.ts:176:7 › Webview Visual Tests › should display task completion statistics 

    Error: Cannot find module '../../renderer'
    Require stack:
    - C:\Users\delir\Documents\repos\markdown-checkbox-preview\src\test\e2e\webview\webview-visual.test.ts
    - C:\Users\delir\Documents\repos\markdown-checkbox-preview\node_modules\playwright\lib\transform\transform.js
    - C:\Users\delir\Documents\repos\markdown-checkbox-preview\node_modules\playwright\lib\common\configLoader.js
    - C:\Users\delir\Documents\repos\markdown-checkbox-preview\node_modules\playwright\lib\worker\workerMain.js
    - C:\Users\delir\Documents\repos\markdown-checkbox-preview\node_modules\playwright\lib\common\process.js

      289 | function generateWebviewHTML(markdownContent: string, darkTheme: boolean = false): string {
      290 |   // This would use our actual renderer
    > 291 |   const { renderMarkdown, getTaskListCount } = require('../../renderer');
          |                                                ^
      292 |   
      293 |   const renderedHTML = renderMarkdown(markdownContent);
      294 |   const stats = getTaskListCount(markdownContent);
        at generateWebviewHTML (C:\Users\delir\Documents\repos\markdown-checkbox-preview\src\test\e2e\webview\webview-visual.test.ts:291:48)
        at C:\Users\delir\Documents\repos\markdown-checkbox-preview\src\test\e2e\webview\webview-visual.test.ts:177:25

    attachment #1: screenshot (image/png) ──────────────────────────────────────────────────────────
    ..\..\..\test-results\webview-webview-visual-Web-7883e--task-completion-statistics-windows-edge\test-failed-1.png
    ────────────────────────────────────────────────────────────────────────────────────────────────
]]>
</failure>
<system-out>
<![CDATA[
[[ATTACHMENT|webview-webview-visual-Web-7883e--task-completion-statistics-windows-edge\test-failed-1.png]]
]]>
</system-out>
</testcase>
<testcase name="Webview Visual Tests › should handle malformed markdown gracefully" classname="webview\webview-visual.test.ts" time="0.389">
<failure message="webview-visual.test.ts:191:7 should handle malformed markdown gracefully" type="FAILURE">
<![CDATA[  [windows-edge] › webview\webview-visual.test.ts:191:7 › Webview Visual Tests › should handle malformed markdown gracefully 

    Error: Cannot find module '../../renderer'
    Require stack:
    - C:\Users\delir\Documents\repos\markdown-checkbox-preview\src\test\e2e\webview\webview-visual.test.ts
    - C:\Users\delir\Documents\repos\markdown-checkbox-preview\node_modules\playwright\lib\transform\transform.js
    - C:\Users\delir\Documents\repos\markdown-checkbox-preview\node_modules\playwright\lib\common\configLoader.js
    - C:\Users\delir\Documents\repos\markdown-checkbox-preview\node_modules\playwright\lib\worker\workerMain.js
    - C:\Users\delir\Documents\repos\markdown-checkbox-preview\node_modules\playwright\lib\common\process.js

      289 | function generateWebviewHTML(markdownContent: string, darkTheme: boolean = false): string {
      290 |   // This would use our actual renderer
    > 291 |   const { renderMarkdown, getTaskListCount } = require('../../renderer');
          |                                                ^
      292 |   
      293 |   const renderedHTML = renderMarkdown(markdownContent);
      294 |   const stats = getTaskListCount(markdownContent);
        at generateWebviewHTML (C:\Users\delir\Documents\repos\markdown-checkbox-preview\src\test\e2e\webview\webview-visual.test.ts:291:48)
        at C:\Users\delir\Documents\repos\markdown-checkbox-preview\src\test\e2e\webview\webview-visual.test.ts:192:25

    attachment #1: screenshot (image/png) ──────────────────────────────────────────────────────────
    ..\..\..\test-results\webview-webview-visual-Web-7cded-lformed-markdown-gracefully-windows-edge\test-failed-1.png
    ────────────────────────────────────────────────────────────────────────────────────────────────
]]>
</failure>
<system-out>
<![CDATA[
[[ATTACHMENT|webview-webview-visual-Web-7cded-lformed-markdown-gracefully-windows-edge\test-failed-1.png]]
]]>
</system-out>
</testcase>
<testcase name="Webview Visual Tests › should handle large documents efficiently" classname="webview\webview-visual.test.ts" time="0.377">
<failure message="webview-visual.test.ts:206:7 should handle large documents efficiently" type="FAILURE">
<![CDATA[  [windows-edge] › webview\webview-visual.test.ts:206:7 › Webview Visual Tests › should handle large documents efficiently 

    Error: Cannot find module '../../renderer'
    Require stack:
    - C:\Users\delir\Documents\repos\markdown-checkbox-preview\src\test\e2e\webview\webview-visual.test.ts
    - C:\Users\delir\Documents\repos\markdown-checkbox-preview\node_modules\playwright\lib\transform\transform.js
    - C:\Users\delir\Documents\repos\markdown-checkbox-preview\node_modules\playwright\lib\common\configLoader.js
    - C:\Users\delir\Documents\repos\markdown-checkbox-preview\node_modules\playwright\lib\worker\workerMain.js
    - C:\Users\delir\Documents\repos\markdown-checkbox-preview\node_modules\playwright\lib\common\process.js

      289 | function generateWebviewHTML(markdownContent: string, darkTheme: boolean = false): string {
      290 |   // This would use our actual renderer
    > 291 |   const { renderMarkdown, getTaskListCount } = require('../../renderer');
          |                                                ^
      292 |   
      293 |   const renderedHTML = renderMarkdown(markdownContent);
      294 |   const stats = getTaskListCount(markdownContent);
        at generateWebviewHTML (C:\Users\delir\Documents\repos\markdown-checkbox-preview\src\test\e2e\webview\webview-visual.test.ts:291:48)
        at C:\Users\delir\Documents\repos\markdown-checkbox-preview\src\test\e2e\webview\webview-visual.test.ts:207:25

    attachment #1: screenshot (image/png) ──────────────────────────────────────────────────────────
    ..\..\..\test-results\webview-webview-visual-Web-30a40-large-documents-efficiently-windows-edge\test-failed-1.png
    ────────────────────────────────────────────────────────────────────────────────────────────────
]]>
</failure>
<system-out>
<![CDATA[
[[ATTACHMENT|webview-webview-visual-Web-30a40-large-documents-efficiently-windows-edge\test-failed-1.png]]
]]>
</system-out>
</testcase>
<testcase name="Webview Visual Tests › should support dark theme" classname="webview\webview-visual.test.ts" time="0.956">
<failure message="webview-visual.test.ts:229:7 should support dark theme" type="FAILURE">
<![CDATA[  [windows-edge] › webview\webview-visual.test.ts:229:7 › Webview Visual Tests › should support dark theme 

    Error: Cannot find module '../../renderer'
    Require stack:
    - C:\Users\delir\Documents\repos\markdown-checkbox-preview\src\test\e2e\webview\webview-visual.test.ts
    - C:\Users\delir\Documents\repos\markdown-checkbox-preview\node_modules\playwright\lib\transform\transform.js
    - C:\Users\delir\Documents\repos\markdown-checkbox-preview\node_modules\playwright\lib\common\configLoader.js
    - C:\Users\delir\Documents\repos\markdown-checkbox-preview\node_modules\playwright\lib\worker\workerMain.js
    - C:\Users\delir\Documents\repos\markdown-checkbox-preview\node_modules\playwright\lib\common\process.js

      289 | function generateWebviewHTML(markdownContent: string, darkTheme: boolean = false): string {
      290 |   // This would use our actual renderer
    > 291 |   const { renderMarkdown, getTaskListCount } = require('../../renderer');
          |                                                ^
      292 |   
      293 |   const renderedHTML = renderMarkdown(markdownContent);
      294 |   const stats = getTaskListCount(markdownContent);
        at generateWebviewHTML (C:\Users\delir\Documents\repos\markdown-checkbox-preview\src\test\e2e\webview\webview-visual.test.ts:291:48)
        at C:\Users\delir\Documents\repos\markdown-checkbox-preview\src\test\e2e\webview\webview-visual.test.ts:230:25

    attachment #1: screenshot (image/png) ──────────────────────────────────────────────────────────
    ..\..\..\test-results\webview-webview-visual-Web-cfd11-s-should-support-dark-theme-windows-edge\test-failed-1.png
    ────────────────────────────────────────────────────────────────────────────────────────────────
]]>
</failure>
<system-out>
<![CDATA[
[[ATTACHMENT|webview-webview-visual-Web-cfd11-s-should-support-dark-theme-windows-edge\test-failed-1.png]]
]]>
</system-out>
</testcase>
<testcase name="Webview Visual Tests › should be responsive on different screen sizes" classname="webview\webview-visual.test.ts" time="0.873">
<failure message="webview-visual.test.ts:239:7 should be responsive on different screen sizes" type="FAILURE">
<![CDATA[  [windows-edge] › webview\webview-visual.test.ts:239:7 › Webview Visual Tests › should be responsive on different screen sizes 

    Error: Cannot find module '../../renderer'
    Require stack:
    - C:\Users\delir\Documents\repos\markdown-checkbox-preview\src\test\e2e\webview\webview-visual.test.ts
    - C:\Users\delir\Documents\repos\markdown-checkbox-preview\node_modules\playwright\lib\transform\transform.js
    - C:\Users\delir\Documents\repos\markdown-checkbox-preview\node_modules\playwright\lib\common\configLoader.js
    - C:\Users\delir\Documents\repos\markdown-checkbox-preview\node_modules\playwright\lib\worker\workerMain.js
    - C:\Users\delir\Documents\repos\markdown-checkbox-preview\node_modules\playwright\lib\common\process.js

      289 | function generateWebviewHTML(markdownContent: string, darkTheme: boolean = false): string {
      290 |   // This would use our actual renderer
    > 291 |   const { renderMarkdown, getTaskListCount } = require('../../renderer');
          |                                                ^
      292 |   
      293 |   const renderedHTML = renderMarkdown(markdownContent);
      294 |   const stats = getTaskListCount(markdownContent);
        at generateWebviewHTML (C:\Users\delir\Documents\repos\markdown-checkbox-preview\src\test\e2e\webview\webview-visual.test.ts:291:48)
        at C:\Users\delir\Documents\repos\markdown-checkbox-preview\src\test\e2e\webview\webview-visual.test.ts:240:25

    attachment #1: screenshot (image/png) ──────────────────────────────────────────────────────────
    ..\..\..\test-results\webview-webview-visual-Web-9993e-e-on-different-screen-sizes-windows-edge\test-failed-1.png
    ────────────────────────────────────────────────────────────────────────────────────────────────
]]>
</failure>
<system-out>
<![CDATA[
[[ATTACHMENT|webview-webview-visual-Web-9993e-e-on-different-screen-sizes-windows-edge\test-failed-1.png]]
]]>
</system-out>
</testcase>
<testcase name="Webview Visual Tests › should record user interaction video" classname="webview\webview-visual.test.ts" time="0.93">
<failure message="webview-visual.test.ts:257:7 should record user interaction video" type="FAILURE">
<![CDATA[  [windows-edge] › webview\webview-visual.test.ts:257:7 › Webview Visual Tests › should record user interaction video 

    Error: Cannot find module '../../renderer'
    Require stack:
    - C:\Users\delir\Documents\repos\markdown-checkbox-preview\src\test\e2e\webview\webview-visual.test.ts
    - C:\Users\delir\Documents\repos\markdown-checkbox-preview\node_modules\playwright\lib\transform\transform.js
    - C:\Users\delir\Documents\repos\markdown-checkbox-preview\node_modules\playwright\lib\common\configLoader.js
    - C:\Users\delir\Documents\repos\markdown-checkbox-preview\node_modules\playwright\lib\worker\workerMain.js
    - C:\Users\delir\Documents\repos\markdown-checkbox-preview\node_modules\playwright\lib\common\process.js

      289 | function generateWebviewHTML(markdownContent: string, darkTheme: boolean = false): string {
      290 |   // This would use our actual renderer
    > 291 |   const { renderMarkdown, getTaskListCount } = require('../../renderer');
          |                                                ^
      292 |   
      293 |   const renderedHTML = renderMarkdown(markdownContent);
      294 |   const stats = getTaskListCount(markdownContent);
        at generateWebviewHTML (C:\Users\delir\Documents\repos\markdown-checkbox-preview\src\test\e2e\webview\webview-visual.test.ts:291:48)
        at C:\Users\delir\Documents\repos\markdown-checkbox-preview\src\test\e2e\webview\webview-visual.test.ts:258:25

    attachment #1: screenshot (image/png) ──────────────────────────────────────────────────────────
    ..\..\..\test-results\webview-webview-visual-Web-2ebcb-cord-user-interaction-video-windows-edge\test-failed-1.png
    ────────────────────────────────────────────────────────────────────────────────────────────────
]]>
</failure>
<system-out>
<![CDATA[
[[ATTACHMENT|webview-webview-visual-Web-2ebcb-cord-user-interaction-video-windows-edge\test-failed-1.png]]
]]>
</system-out>
</testcase>
</testsuite>
<testsuite name="performance-accessibility.test.ts" timestamp="2025-08-26T22:42:47.295Z" hostname="mac-safari" tests="11" failures="11" skipped="0" time="150.172" errors="0">
<testcase name="Performance &amp; Accessibility Tests › Performance Benchmarks › should render large documents within performance budget" classname="performance-accessibility.test.ts" time="30.017">
<failure message="performance-accessibility.test.ts:17:9 should render large documents within performance budget" type="FAILURE">
<![CDATA[  [mac-safari] › performance-accessibility.test.ts:17:9 › Performance & Accessibility Tests › Performance Benchmarks › should render large documents within performance budget 

    Test timeout of 30000ms exceeded while running "beforeEach" hook.

       6 |     let page: Page;
       7 |
    >  8 |     test.beforeEach(async ({ browser }) => {
         |          ^
       9 |       page = await browser.newPage();
      10 |       await page.setViewportSize({ width: 1200, height: 800 });
      11 |     });
        at C:\Users\delir\Documents\repos\markdown-checkbox-preview\src\test\e2e\performance-accessibility.test.ts:8:10

    TypeError: Cannot read properties of undefined (reading 'close')

      12 |
      13 |     test.afterEach(async () => {
    > 14 |       await page.close();
         |                  ^
      15 |     });
      16 |
      17 |     test('should render large documents within performance budget', async () => {
        at C:\Users\delir\Documents\repos\markdown-checkbox-preview\src\test\e2e\performance-accessibility.test.ts:14:18

    Error: browser.newPage: Test ended.

       7 |
       8 |     test.beforeEach(async ({ browser }) => {
    >  9 |       page = await browser.newPage();
         |                            ^
      10 |       await page.setViewportSize({ width: 1200, height: 800 });
      11 |     });
      12 |
        at C:\Users\delir\Documents\repos\markdown-checkbox-preview\src\test\e2e\performance-accessibility.test.ts:9:28
]]>
</failure>
</testcase>
<testcase name="Performance &amp; Accessibility Tests › Performance Benchmarks › should handle rapid checkbox toggles without performance degradation" classname="performance-accessibility.test.ts" time="30.029">
<failure message="performance-accessibility.test.ts:51:9 should handle rapid checkbox toggles without performance degradation" type="FAILURE">
<![CDATA[  [mac-safari] › performance-accessibility.test.ts:51:9 › Performance & Accessibility Tests › Performance Benchmarks › should handle rapid checkbox toggles without performance degradation 

    Test timeout of 30000ms exceeded while running "beforeEach" hook.

       6 |     let page: Page;
       7 |
    >  8 |     test.beforeEach(async ({ browser }) => {
         |          ^
       9 |       page = await browser.newPage();
      10 |       await page.setViewportSize({ width: 1200, height: 800 });
      11 |     });
        at C:\Users\delir\Documents\repos\markdown-checkbox-preview\src\test\e2e\performance-accessibility.test.ts:8:10

    TypeError: Cannot read properties of undefined (reading 'close')

      12 |
      13 |     test.afterEach(async () => {
    > 14 |       await page.close();
         |                  ^
      15 |     });
      16 |
      17 |     test('should render large documents within performance budget', async () => {
        at C:\Users\delir\Documents\repos\markdown-checkbox-preview\src\test\e2e\performance-accessibility.test.ts:14:18

    Error: browser.newPage: Test ended.

       7 |
       8 |     test.beforeEach(async ({ browser }) => {
    >  9 |       page = await browser.newPage();
         |                            ^
      10 |       await page.setViewportSize({ width: 1200, height: 800 });
      11 |     });
      12 |
        at C:\Users\delir\Documents\repos\markdown-checkbox-preview\src\test\e2e\performance-accessibility.test.ts:9:28
]]>
</failure>
</testcase>
<testcase name="Performance &amp; Accessibility Tests › Performance Benchmarks › should efficiently update statistics display" classname="performance-accessibility.test.ts" time="30.028">
<failure message="performance-accessibility.test.ts:79:9 should efficiently update statistics display" type="FAILURE">
<![CDATA[  [mac-safari] › performance-accessibility.test.ts:79:9 › Performance & Accessibility Tests › Performance Benchmarks › should efficiently update statistics display 

    Test timeout of 30000ms exceeded while running "beforeEach" hook.

       6 |     let page: Page;
       7 |
    >  8 |     test.beforeEach(async ({ browser }) => {
         |          ^
       9 |       page = await browser.newPage();
      10 |       await page.setViewportSize({ width: 1200, height: 800 });
      11 |     });
        at C:\Users\delir\Documents\repos\markdown-checkbox-preview\src\test\e2e\performance-accessibility.test.ts:8:10

    TypeError: Cannot read properties of undefined (reading 'close')

      12 |
      13 |     test.afterEach(async () => {
    > 14 |       await page.close();
         |                  ^
      15 |     });
      16 |
      17 |     test('should render large documents within performance budget', async () => {
        at C:\Users\delir\Documents\repos\markdown-checkbox-preview\src\test\e2e\performance-accessibility.test.ts:14:18

    Error: browser.newPage: Test ended.

       7 |
       8 |     test.beforeEach(async ({ browser }) => {
    >  9 |       page = await browser.newPage();
         |                            ^
      10 |       await page.setViewportSize({ width: 1200, height: 800 });
      11 |     });
      12 |
        at C:\Users\delir\Documents\repos\markdown-checkbox-preview\src\test\e2e\performance-accessibility.test.ts:9:28
]]>
</failure>
</testcase>
<testcase name="Performance &amp; Accessibility Tests › Performance Benchmarks › should handle scroll performance with large content" classname="performance-accessibility.test.ts" time="30.018">
<failure message="performance-accessibility.test.ts:107:9 should handle scroll performance with large content" type="FAILURE">
<![CDATA[  [mac-safari] › performance-accessibility.test.ts:107:9 › Performance & Accessibility Tests › Performance Benchmarks › should handle scroll performance with large content 

    Test timeout of 30000ms exceeded while running "beforeEach" hook.

       6 |     let page: Page;
       7 |
    >  8 |     test.beforeEach(async ({ browser }) => {
         |          ^
       9 |       page = await browser.newPage();
      10 |       await page.setViewportSize({ width: 1200, height: 800 });
      11 |     });
        at C:\Users\delir\Documents\repos\markdown-checkbox-preview\src\test\e2e\performance-accessibility.test.ts:8:10

    TypeError: Cannot read properties of undefined (reading 'close')

      12 |
      13 |     test.afterEach(async () => {
    > 14 |       await page.close();
         |                  ^
      15 |     });
      16 |
      17 |     test('should render large documents within performance budget', async () => {
        at C:\Users\delir\Documents\repos\markdown-checkbox-preview\src\test\e2e\performance-accessibility.test.ts:14:18

    Error: browser.newPage: Test ended.

       7 |
       8 |     test.beforeEach(async ({ browser }) => {
    >  9 |       page = await browser.newPage();
         |                            ^
      10 |       await page.setViewportSize({ width: 1200, height: 800 });
      11 |     });
      12 |
        at C:\Users\delir\Documents\repos\markdown-checkbox-preview\src\test\e2e\performance-accessibility.test.ts:9:28
]]>
</failure>
</testcase>
<testcase name="Performance &amp; Accessibility Tests › Accessibility Tests › should have proper ARIA labels and roles" classname="performance-accessibility.test.ts" time="0.009">
<failure message="performance-accessibility.test.ts:146:9 should have proper ARIA labels and roles" type="FAILURE">
<![CDATA[  [mac-safari] › performance-accessibility.test.ts:146:9 › Performance & Accessibility Tests › Accessibility Tests › should have proper ARIA labels and roles 

    Error: browserType.launch: Target page, context or browser has been closed
    Browser logs:

    <launching> C:\Users\delir\AppData\Local\ms-playwright\webkit-2191\Playwright.exe --inspector-pipe --disable-accelerated-compositing --headless --no-startup-window
    <launched> pid=58160
    Call log:
      - <launching> C:\Users\delir\AppData\Local\ms-playwright\webkit-2191\Playwright.exe --inspector-pipe --disable-accelerated-compositing --headless --no-startup-window
      - <launched> pid=58160


    TypeError: Cannot read properties of undefined (reading 'close')

      141 |
      142 |     test.afterEach(async () => {
    > 143 |       await page.close();
          |                  ^
      144 |     });
      145 |
      146 |     test('should have proper ARIA labels and roles', async () => {
        at C:\Users\delir\Documents\repos\markdown-checkbox-preview\src\test\e2e\performance-accessibility.test.ts:143:18
]]>
</failure>
</testcase>
<testcase name="Performance &amp; Accessibility Tests › Accessibility Tests › should support keyboard navigation" classname="performance-accessibility.test.ts" time="0.009">
<failure message="performance-accessibility.test.ts:174:9 should support keyboard navigation" type="FAILURE">
<![CDATA[  [mac-safari] › performance-accessibility.test.ts:174:9 › Performance & Accessibility Tests › Accessibility Tests › should support keyboard navigation 

    Error: browserType.launch: Target page, context or browser has been closed
    Browser logs:

    <launching> C:\Users\delir\AppData\Local\ms-playwright\webkit-2191\Playwright.exe --inspector-pipe --disable-accelerated-compositing --headless --no-startup-window
    <launched> pid=54688
    Call log:
      - <launching> C:\Users\delir\AppData\Local\ms-playwright\webkit-2191\Playwright.exe --inspector-pipe --disable-accelerated-compositing --headless --no-startup-window
      - <launched> pid=54688


    TypeError: Cannot read properties of undefined (reading 'close')

      141 |
      142 |     test.afterEach(async () => {
    > 143 |       await page.close();
          |                  ^
      144 |     });
      145 |
      146 |     test('should have proper ARIA labels and roles', async () => {
        at C:\Users\delir\Documents\repos\markdown-checkbox-preview\src\test\e2e\performance-accessibility.test.ts:143:18
]]>
</failure>
</testcase>
<testcase name="Performance &amp; Accessibility Tests › Accessibility Tests › should work with screen readers" classname="performance-accessibility.test.ts" time="0.009">
<failure message="performance-accessibility.test.ts:203:9 should work with screen readers" type="FAILURE">
<![CDATA[  [mac-safari] › performance-accessibility.test.ts:203:9 › Performance & Accessibility Tests › Accessibility Tests › should work with screen readers 

    Error: browserType.launch: Target page, context or browser has been closed
    Browser logs:

    <launching> C:\Users\delir\AppData\Local\ms-playwright\webkit-2191\Playwright.exe --inspector-pipe --disable-accelerated-compositing --headless --no-startup-window
    <launched> pid=57800
    Call log:
      - <launching> C:\Users\delir\AppData\Local\ms-playwright\webkit-2191\Playwright.exe --inspector-pipe --disable-accelerated-compositing --headless --no-startup-window
      - <launched> pid=57800


    TypeError: Cannot read properties of undefined (reading 'close')

      141 |
      142 |     test.afterEach(async () => {
    > 143 |       await page.close();
          |                  ^
      144 |     });
      145 |
      146 |     test('should have proper ARIA labels and roles', async () => {
        at C:\Users\delir\Documents\repos\markdown-checkbox-preview\src\test\e2e\performance-accessibility.test.ts:143:18
]]>
</failure>
</testcase>
<testcase name="Performance &amp; Accessibility Tests › Accessibility Tests › should have sufficient color contrast" classname="performance-accessibility.test.ts" time="0.008">
<failure message="performance-accessibility.test.ts:227:9 should have sufficient color contrast" type="FAILURE">
<![CDATA[  [mac-safari] › performance-accessibility.test.ts:227:9 › Performance & Accessibility Tests › Accessibility Tests › should have sufficient color contrast 

    Error: browserType.launch: Target page, context or browser has been closed
    Browser logs:

    <launching> C:\Users\delir\AppData\Local\ms-playwright\webkit-2191\Playwright.exe --inspector-pipe --disable-accelerated-compositing --headless --no-startup-window
    <launched> pid=56928
    [pid=56928] <process did exit: exitCode=3221225501, signal=null>
    [pid=56928] starting temporary directories cleanup
    Call log:
      - <launching> C:\Users\delir\AppData\Local\ms-playwright\webkit-2191\Playwright.exe --inspector-pipe --disable-accelerated-compositing --headless --no-startup-window
      - <launched> pid=56928
      - [pid=56928] <process did exit: exitCode=3221225501, signal=null>
      - [pid=56928] starting temporary directories cleanup


    TypeError: Cannot read properties of undefined (reading 'close')

      141 |
      142 |     test.afterEach(async () => {
    > 143 |       await page.close();
          |                  ^
      144 |     });
      145 |
      146 |     test('should have proper ARIA labels and roles', async () => {
        at C:\Users\delir\Documents\repos\markdown-checkbox-preview\src\test\e2e\performance-accessibility.test.ts:143:18
]]>
</failure>
</testcase>
<testcase name="Performance &amp; Accessibility Tests › Accessibility Tests › should support high contrast mode" classname="performance-accessibility.test.ts" time="30.028">
<failure message="performance-accessibility.test.ts:258:9 should support high contrast mode" type="FAILURE">
<![CDATA[  [mac-safari] › performance-accessibility.test.ts:258:9 › Performance & Accessibility Tests › Accessibility Tests › should support high contrast mode 

    Test timeout of 30000ms exceeded while running "beforeEach" hook.

      135 |     let page: Page;
      136 |
    > 137 |     test.beforeEach(async ({ browser }) => {
          |          ^
      138 |       page = await browser.newPage();
      139 |       await page.setViewportSize({ width: 1200, height: 800 });
      140 |     });
        at C:\Users\delir\Documents\repos\markdown-checkbox-preview\src\test\e2e\performance-accessibility.test.ts:137:10

    TypeError: Cannot read properties of undefined (reading 'close')

      141 |
      142 |     test.afterEach(async () => {
    > 143 |       await page.close();
          |                  ^
      144 |     });
      145 |
      146 |     test('should have proper ARIA labels and roles', async () => {
        at C:\Users\delir\Documents\repos\markdown-checkbox-preview\src\test\e2e\performance-accessibility.test.ts:143:18

    Error: browser.newPage: Test ended.

      136 |
      137 |     test.beforeEach(async ({ browser }) => {
    > 138 |       page = await browser.newPage();
          |                            ^
      139 |       await page.setViewportSize({ width: 1200, height: 800 });
      140 |     });
      141 |
        at C:\Users\delir\Documents\repos\markdown-checkbox-preview\src\test\e2e\performance-accessibility.test.ts:138:28
]]>
</failure>
</testcase>
<testcase name="Performance &amp; Accessibility Tests › Accessibility Tests › should have proper heading structure" classname="performance-accessibility.test.ts" time="0.009">
<failure message="performance-accessibility.test.ts:278:9 should have proper heading structure" type="FAILURE">
<![CDATA[  [mac-safari] › performance-accessibility.test.ts:278:9 › Performance & Accessibility Tests › Accessibility Tests › should have proper heading structure 

    Error: browserType.launch: Target page, context or browser has been closed
    Browser logs:

    <launching> C:\Users\delir\AppData\Local\ms-playwright\webkit-2191\Playwright.exe --inspector-pipe --disable-accelerated-compositing --headless --no-startup-window
    <launched> pid=50144
    Call log:
      - <launching> C:\Users\delir\AppData\Local\ms-playwright\webkit-2191\Playwright.exe --inspector-pipe --disable-accelerated-compositing --headless --no-startup-window
      - <launched> pid=50144


    TypeError: Cannot read properties of undefined (reading 'close')

      141 |
      142 |     test.afterEach(async () => {
    > 143 |       await page.close();
          |                  ^
      144 |     });
      145 |
      146 |     test('should have proper ARIA labels and roles', async () => {
        at C:\Users\delir\Documents\repos\markdown-checkbox-preview\src\test\e2e\performance-accessibility.test.ts:143:18
]]>
</failure>
</testcase>
<testcase name="Performance &amp; Accessibility Tests › Accessibility Tests › should provide skip links for long content" classname="performance-accessibility.test.ts" time="0.008">
<failure message="performance-accessibility.test.ts:309:9 should provide skip links for long content" type="FAILURE">
<![CDATA[  [mac-safari] › performance-accessibility.test.ts:309:9 › Performance & Accessibility Tests › Accessibility Tests › should provide skip links for long content 

    Error: browserType.launch: Target page, context or browser has been closed
    Browser logs:

    <launching> C:\Users\delir\AppData\Local\ms-playwright\webkit-2191\Playwright.exe --inspector-pipe --disable-accelerated-compositing --headless --no-startup-window
    <launched> pid=40072
    Call log:
      - <launching> C:\Users\delir\AppData\Local\ms-playwright\webkit-2191\Playwright.exe --inspector-pipe --disable-accelerated-compositing --headless --no-startup-window
      - <launched> pid=40072


    TypeError: Cannot read properties of undefined (reading 'close')

      141 |
      142 |     test.afterEach(async () => {
    > 143 |       await page.close();
          |                  ^
      144 |     });
      145 |
      146 |     test('should have proper ARIA labels and roles', async () => {
        at C:\Users\delir\Documents\repos\markdown-checkbox-preview\src\test\e2e\performance-accessibility.test.ts:143:18
]]>
</failure>
</testcase>
</testsuite>
<testsuite name="webview\webview-visual.test.ts" timestamp="2025-08-26T22:42:47.295Z" hostname="mac-safari" tests="9" failures="9" skipped="0" time="92.904" errors="0">
<testcase name="Webview Visual Tests › should render simple checkbox list correctly" classname="webview\webview-visual.test.ts" time="0.008">
<failure message="webview-visual.test.ts:122:7 should render simple checkbox list correctly" type="FAILURE">
<![CDATA[  [mac-safari] › webview\webview-visual.test.ts:122:7 › Webview Visual Tests › should render simple checkbox list correctly 

    Error: browserType.launch: Target page, context or browser has been closed
    Browser logs:

    <launching> C:\Users\delir\AppData\Local\ms-playwright\webkit-2191\Playwright.exe --inspector-pipe --disable-accelerated-compositing --headless --no-startup-window
    <launched> pid=30624
    Call log:
      - <launching> C:\Users\delir\AppData\Local\ms-playwright\webkit-2191\Playwright.exe --inspector-pipe --disable-accelerated-compositing --headless --no-startup-window
      - <launched> pid=30624


    TypeError: Cannot read properties of undefined (reading 'close')

      117 |
      118 |   test.afterEach(async () => {
    > 119 |     await page.close();
          |                ^
      120 |   });
      121 |
      122 |   test('should render simple checkbox list correctly', async () => {
        at C:\Users\delir\Documents\repos\markdown-checkbox-preview\src\test\e2e\webview\webview-visual.test.ts:119:16
]]>
</failure>
</testcase>
<testcase name="Webview Visual Tests › should render hierarchical structure with proper nesting" classname="webview\webview-visual.test.ts" time="0.01">
<failure message="webview-visual.test.ts:142:7 should render hierarchical structure with proper nesting" type="FAILURE">
<![CDATA[  [mac-safari] › webview\webview-visual.test.ts:142:7 › Webview Visual Tests › should render hierarchical structure with proper nesting 

    Error: browserType.launch: Target page, context or browser has been closed
    Browser logs:

    <launching> C:\Users\delir\AppData\Local\ms-playwright\webkit-2191\Playwright.exe --inspector-pipe --disable-accelerated-compositing --headless --no-startup-window
    <launched> pid=17824
    Call log:
      - <launching> C:\Users\delir\AppData\Local\ms-playwright\webkit-2191\Playwright.exe --inspector-pipe --disable-accelerated-compositing --headless --no-startup-window
      - <launched> pid=17824


    TypeError: Cannot read properties of undefined (reading 'close')

      117 |
      118 |   test.afterEach(async () => {
    > 119 |     await page.close();
          |                ^
      120 |   });
      121 |
      122 |   test('should render simple checkbox list correctly', async () => {
        at C:\Users\delir\Documents\repos\markdown-checkbox-preview\src\test\e2e\webview\webview-visual.test.ts:119:16
]]>
</failure>
</testcase>
<testcase name="Webview Visual Tests › should handle checkbox interactions" classname="webview\webview-visual.test.ts" time="30.023">
<failure message="webview-visual.test.ts:156:7 should handle checkbox interactions" type="FAILURE">
<![CDATA[  [mac-safari] › webview\webview-visual.test.ts:156:7 › Webview Visual Tests › should handle checkbox interactions 

    Test timeout of 30000ms exceeded while running "beforeEach" hook.

      93 |   let page: Page;
      94 |
    > 95 |   test.beforeEach(async ({ browser }) => {
         |        ^
      96 |     page = await browser.newPage();
      97 |     
      98 |     // Set viewport size
        at C:\Users\delir\Documents\repos\markdown-checkbox-preview\src\test\e2e\webview\webview-visual.test.ts:95:8

    TypeError: Cannot read properties of undefined (reading 'close')

      117 |
      118 |   test.afterEach(async () => {
    > 119 |     await page.close();
          |                ^
      120 |   });
      121 |
      122 |   test('should render simple checkbox list correctly', async () => {
        at C:\Users\delir\Documents\repos\markdown-checkbox-preview\src\test\e2e\webview\webview-visual.test.ts:119:16

    Error: browser.newPage: Test ended.

      94 |
      95 |   test.beforeEach(async ({ browser }) => {
    > 96 |     page = await browser.newPage();
         |                          ^
      97 |     
      98 |     // Set viewport size
      99 |     await page.setViewportSize({ width: 1200, height: 800 });
        at C:\Users\delir\Documents\repos\markdown-checkbox-preview\src\test\e2e\webview\webview-visual.test.ts:96:26
]]>
</failure>
</testcase>
<testcase name="Webview Visual Tests › should display task completion statistics" classname="webview\webview-visual.test.ts" time="0.008">
<failure message="webview-visual.test.ts:176:7 should display task completion statistics" type="FAILURE">
<![CDATA[  [mac-safari] › webview\webview-visual.test.ts:176:7 › Webview Visual Tests › should display task completion statistics 

    Error: browserType.launch: Target page, context or browser has been closed
    Browser logs:

    <launching> C:\Users\delir\AppData\Local\ms-playwright\webkit-2191\Playwright.exe --inspector-pipe --disable-accelerated-compositing --headless --no-startup-window
    <launched> pid=17880
    [pid=17880] <process did exit: exitCode=3221225501, signal=null>
    [pid=17880] starting temporary directories cleanup
    Call log:
      - <launching> C:\Users\delir\AppData\Local\ms-playwright\webkit-2191\Playwright.exe --inspector-pipe --disable-accelerated-compositing --headless --no-startup-window
      - <launched> pid=17880
      - [pid=17880] <process did exit: exitCode=3221225501, signal=null>
      - [pid=17880] starting temporary directories cleanup


    TypeError: Cannot read properties of undefined (reading 'close')

      117 |
      118 |   test.afterEach(async () => {
    > 119 |     await page.close();
          |                ^
      120 |   });
      121 |
      122 |   test('should render simple checkbox list correctly', async () => {
        at C:\Users\delir\Documents\repos\markdown-checkbox-preview\src\test\e2e\webview\webview-visual.test.ts:119:16
]]>
</failure>
</testcase>
<testcase name="Webview Visual Tests › should handle malformed markdown gracefully" classname="webview\webview-visual.test.ts" time="30.029">
<failure message="webview-visual.test.ts:191:7 should handle malformed markdown gracefully" type="FAILURE">
<![CDATA[  [mac-safari] › webview\webview-visual.test.ts:191:7 › Webview Visual Tests › should handle malformed markdown gracefully 

    Test timeout of 30000ms exceeded while running "beforeEach" hook.

      93 |   let page: Page;
      94 |
    > 95 |   test.beforeEach(async ({ browser }) => {
         |        ^
      96 |     page = await browser.newPage();
      97 |     
      98 |     // Set viewport size
        at C:\Users\delir\Documents\repos\markdown-checkbox-preview\src\test\e2e\webview\webview-visual.test.ts:95:8

    TypeError: Cannot read properties of undefined (reading 'close')

      117 |
      118 |   test.afterEach(async () => {
    > 119 |     await page.close();
          |                ^
      120 |   });
      121 |
      122 |   test('should render simple checkbox list correctly', async () => {
        at C:\Users\delir\Documents\repos\markdown-checkbox-preview\src\test\e2e\webview\webview-visual.test.ts:119:16

    Error: browser.newPage: Test ended.

      94 |
      95 |   test.beforeEach(async ({ browser }) => {
    > 96 |     page = await browser.newPage();
         |                          ^
      97 |     
      98 |     // Set viewport size
      99 |     await page.setViewportSize({ width: 1200, height: 800 });
        at C:\Users\delir\Documents\repos\markdown-checkbox-preview\src\test\e2e\webview\webview-visual.test.ts:96:26
]]>
</failure>
</testcase>
<testcase name="Webview Visual Tests › should handle large documents efficiently" classname="webview\webview-visual.test.ts" time="0.008">
<failure message="webview-visual.test.ts:206:7 should handle large documents efficiently" type="FAILURE">
<![CDATA[  [mac-safari] › webview\webview-visual.test.ts:206:7 › Webview Visual Tests › should handle large documents efficiently 

    Error: browserType.launch: Target page, context or browser has been closed
    Browser logs:

    <launching> C:\Users\delir\AppData\Local\ms-playwright\webkit-2191\Playwright.exe --inspector-pipe --disable-accelerated-compositing --headless --no-startup-window
    <launched> pid=49116
    Call log:
      - <launching> C:\Users\delir\AppData\Local\ms-playwright\webkit-2191\Playwright.exe --inspector-pipe --disable-accelerated-compositing --headless --no-startup-window
      - <launched> pid=49116


    TypeError: Cannot read properties of undefined (reading 'close')

      117 |
      118 |   test.afterEach(async () => {
    > 119 |     await page.close();
          |                ^
      120 |   });
      121 |
      122 |   test('should render simple checkbox list correctly', async () => {
        at C:\Users\delir\Documents\repos\markdown-checkbox-preview\src\test\e2e\webview\webview-visual.test.ts:119:16
]]>
</failure>
</testcase>
<testcase name="Webview Visual Tests › should support dark theme" classname="webview\webview-visual.test.ts" time="30.03">
<failure message="webview-visual.test.ts:229:7 should support dark theme" type="FAILURE">
<![CDATA[  [mac-safari] › webview\webview-visual.test.ts:229:7 › Webview Visual Tests › should support dark theme 

    Test timeout of 30000ms exceeded while running "beforeEach" hook.

      93 |   let page: Page;
      94 |
    > 95 |   test.beforeEach(async ({ browser }) => {
         |        ^
      96 |     page = await browser.newPage();
      97 |     
      98 |     // Set viewport size
        at C:\Users\delir\Documents\repos\markdown-checkbox-preview\src\test\e2e\webview\webview-visual.test.ts:95:8

    TypeError: Cannot read properties of undefined (reading 'close')

      117 |
      118 |   test.afterEach(async () => {
    > 119 |     await page.close();
          |                ^
      120 |   });
      121 |
      122 |   test('should render simple checkbox list correctly', async () => {
        at C:\Users\delir\Documents\repos\markdown-checkbox-preview\src\test\e2e\webview\webview-visual.test.ts:119:16

    Error: browser.newPage: Test ended.

      94 |
      95 |   test.beforeEach(async ({ browser }) => {
    > 96 |     page = await browser.newPage();
         |                          ^
      97 |     
      98 |     // Set viewport size
      99 |     await page.setViewportSize({ width: 1200, height: 800 });
        at C:\Users\delir\Documents\repos\markdown-checkbox-preview\src\test\e2e\webview\webview-visual.test.ts:96:26
]]>
</failure>
</testcase>
<testcase name="Webview Visual Tests › should be responsive on different screen sizes" classname="webview\webview-visual.test.ts" time="1.395">
<failure message="webview-visual.test.ts:239:7 should be responsive on different screen sizes" type="FAILURE">
<![CDATA[  [mac-safari] › webview\webview-visual.test.ts:239:7 › Webview Visual Tests › should be responsive on different screen sizes 

    Error: Cannot find module '../../renderer'
    Require stack:
    - C:\Users\delir\Documents\repos\markdown-checkbox-preview\src\test\e2e\webview\webview-visual.test.ts
    - C:\Users\delir\Documents\repos\markdown-checkbox-preview\node_modules\playwright\lib\transform\transform.js
    - C:\Users\delir\Documents\repos\markdown-checkbox-preview\node_modules\playwright\lib\common\configLoader.js
    - C:\Users\delir\Documents\repos\markdown-checkbox-preview\node_modules\playwright\lib\worker\workerMain.js
    - C:\Users\delir\Documents\repos\markdown-checkbox-preview\node_modules\playwright\lib\common\process.js

      289 | function generateWebviewHTML(markdownContent: string, darkTheme: boolean = false): string {
      290 |   // This would use our actual renderer
    > 291 |   const { renderMarkdown, getTaskListCount } = require('../../renderer');
          |                                                ^
      292 |   
      293 |   const renderedHTML = renderMarkdown(markdownContent);
      294 |   const stats = getTaskListCount(markdownContent);
        at generateWebviewHTML (C:\Users\delir\Documents\repos\markdown-checkbox-preview\src\test\e2e\webview\webview-visual.test.ts:291:48)
        at C:\Users\delir\Documents\repos\markdown-checkbox-preview\src\test\e2e\webview\webview-visual.test.ts:240:25

    attachment #1: screenshot (image/png) ──────────────────────────────────────────────────────────
    ..\..\..\test-results\webview-webview-visual-Web-9993e-e-on-different-screen-sizes-mac-safari\test-failed-1.png
    ────────────────────────────────────────────────────────────────────────────────────────────────
]]>
</failure>
<system-out>
<![CDATA[
[[ATTACHMENT|webview-webview-visual-Web-9993e-e-on-different-screen-sizes-mac-safari\test-failed-1.png]]
]]>
</system-out>
</testcase>
<testcase name="Webview Visual Tests › should record user interaction video" classname="webview\webview-visual.test.ts" time="1.393">
<failure message="webview-visual.test.ts:257:7 should record user interaction video" type="FAILURE">
<![CDATA[  [mac-safari] › webview\webview-visual.test.ts:257:7 › Webview Visual Tests › should record user interaction video 

    Error: Cannot find module '../../renderer'
    Require stack:
    - C:\Users\delir\Documents\repos\markdown-checkbox-preview\src\test\e2e\webview\webview-visual.test.ts
    - C:\Users\delir\Documents\repos\markdown-checkbox-preview\node_modules\playwright\lib\transform\transform.js
    - C:\Users\delir\Documents\repos\markdown-checkbox-preview\node_modules\playwright\lib\common\configLoader.js
    - C:\Users\delir\Documents\repos\markdown-checkbox-preview\node_modules\playwright\lib\worker\workerMain.js
    - C:\Users\delir\Documents\repos\markdown-checkbox-preview\node_modules\playwright\lib\common\process.js

      289 | function generateWebviewHTML(markdownContent: string, darkTheme: boolean = false): string {
      290 |   // This would use our actual renderer
    > 291 |   const { renderMarkdown, getTaskListCount } = require('../../renderer');
          |                                                ^
      292 |   
      293 |   const renderedHTML = renderMarkdown(markdownContent);
      294 |   const stats = getTaskListCount(markdownContent);
        at generateWebviewHTML (C:\Users\delir\Documents\repos\markdown-checkbox-preview\src\test\e2e\webview\webview-visual.test.ts:291:48)
        at C:\Users\delir\Documents\repos\markdown-checkbox-preview\src\test\e2e\webview\webview-visual.test.ts:258:25

    attachment #1: screenshot (image/png) ──────────────────────────────────────────────────────────
    ..\..\..\test-results\webview-webview-visual-Web-2ebcb-cord-user-interaction-video-mac-safari\test-failed-1.png
    ────────────────────────────────────────────────────────────────────────────────────────────────
]]>
</failure>
<system-out>
<![CDATA[
[[ATTACHMENT|webview-webview-visual-Web-2ebcb-cord-user-interaction-video-mac-safari\test-failed-1.png]]
]]>
</system-out>
</testcase>
</testsuite>
</testsuites>